<?xml version="1.0" encoding="UTF-8"?>
<testsuite xmlns:xsi="http://www.w3.org/2001/XMLSchema-instance" xsi:noNamespaceSchemaLocation="https://maven.apache.org/surefire/maven-surefire-plugin/xsd/surefire-test-report-3.0.xsd" version="3.0" name="org.flossware.jthreadpool.ManagedThreadPoolTest" time="0.147" tests="10" errors="0" skipped="0" failures="0">
  <properties>
[...]
</properties>
  <testcase name="testExecute" classname="org.flossware.jthreadpool.ManagedThreadPoolTest" time="0.004">
    <system-out><![CDATA[17:50:19.421 [main] INFO org.flossware.jthreadpool.ManagedThreadPool -- [test-app] Created thread pool: core=2, max=4, queue=100
17:50:19.423 [main] INFO org.flossware.jthreadpool.ManagedThreadPool -- [test-app] Shutting down thread pool
]]></system-out>
  </testcase>
  <testcase name="testGetStats" classname="org.flossware.jthreadpool.ManagedThreadPoolTest" time="0.004">
    <system-out><![CDATA[17:50:19.426 [main] INFO org.flossware.jthreadpool.ManagedThreadPool -- [test-app] Created thread pool: core=2, max=4, queue=100
17:50:19.428 [main] INFO org.flossware.jthreadpool.ManagedThreadPool -- [test-app] Shutting down thread pool
]]></system-out>
  </testcase>
  <testcase name="testSubmitCallable" classname="org.flossware.jthreadpool.ManagedThreadPoolTest" time="0.005">
    <system-out><![CDATA[17:50:19.431 [main] INFO org.flossware.jthreadpool.ManagedThreadPool -- [test-app] Created thread pool: core=2, max=4, queue=100
17:50:19.435 [main] INFO org.flossware.jthreadpool.ManagedThreadPool -- [test-app] Shutting down thread pool
]]></system-out>
  </testcase>
  <testcase name="testThreadNaming" classname="org.flossware.jthreadpool.ManagedThreadPoolTest" time="0.004">
    <system-out><![CDATA[17:50:19.437 [main] INFO org.flossware.jthreadpool.ManagedThreadPool -- [naming-test] Created thread pool: core=2, max=4, queue=100
17:50:19.439 [main] INFO org.flossware.jthreadpool.ManagedThreadPool -- [naming-test] Shutting down thread pool
]]></system-out>
  </testcase>
  <testcase name="testAutoCloseable" classname="org.flossware.jthreadpool.ManagedThreadPoolTest" time="0.004">
    <system-out><![CDATA[17:50:19.443 [main] INFO org.flossware.jthreadpool.ManagedThreadPool -- [auto-close-test] Created thread pool: core=2, max=4, queue=100
17:50:19.444 [main] INFO org.flossware.jthreadpool.ManagedThreadPool -- [auto-close-test] Shutting down thread pool
]]></system-out>
  </testcase>
  <testcase name="testSubmitRunnable" classname="org.flossware.jthreadpool.ManagedThreadPoolTest" time="0.003">
    <system-out><![CDATA[17:50:19.446 [main] INFO org.flossware.jthreadpool.ManagedThreadPool -- [test-app] Created thread pool: core=2, max=4, queue=100
17:50:19.447 [main] INFO org.flossware.jthreadpool.ManagedThreadPool -- [test-app] Shutting down thread pool
]]></system-out>
  </testcase>
  <testcase name="testShutdown" classname="org.flossware.jthreadpool.ManagedThreadPoolTest" time="0.103">
    <system-out><![CDATA[17:50:19.449 [main] INFO org.flossware.jthreadpool.ManagedThreadPool -- [test-app] Created thread pool: core=2, max=4, queue=100
17:50:19.450 [main] INFO org.flossware.jthreadpool.ManagedThreadPool -- [test-app] Shutting down thread pool
]]></system-out>
  </testcase>
  <testcase name="testCreatePool" classname="org.flossware.jthreadpool.ManagedThreadPoolTest" time="0.003">
    <system-out><![CDATA[17:50:19.554 [main] INFO org.flossware.jthreadpool.ManagedThreadPool -- [test-app] Created thread pool: core=2, max=4, queue=10
17:50:19.555 [main] INFO org.flossware.jthreadpool.ManagedThreadPool -- [test-app] Shutting down thread pool
]]></system-out>
  </testcase>
  <testcase name="testShutdownNow" classname="org.flossware.jthreadpool.ManagedThreadPoolTest" time="0.003">
    <system-out><![CDATA[17:50:19.558 [main] INFO org.flossware.jthreadpool.ManagedThreadPool -- [test-app] Created thread pool: core=2, max=4, queue=100
17:50:19.559 [main] INFO org.flossware.jthreadpool.ManagedThreadPool -- [test-app] Force shutting down thread pool
]]></system-out>
  </testcase>
  <testcase name="testMultipleTasks" classname="org.flossware.jthreadpool.ManagedThreadPoolTest" time="0.004">
    <system-out><![CDATA[17:50:19.561 [main] INFO org.flossware.jthreadpool.ManagedThreadPool -- [test-app] Created thread pool: core=2, max=4, queue=100
17:50:19.563 [main] INFO org.flossware.jthreadpool.ManagedThreadPool -- [test-app] Shutting down thread pool
]]></system-out>
  </testcase>
</testsuite>