<?xml version="1.0" encoding="UTF-8"?>
<testsuite xmlns:xsi="http://www.w3.org/2001/XMLSchema-instance" xsi:noNamespaceSchemaLocation="https://maven.apache.org/surefire/maven-surefire-plugin/xsd/surefire-test-report-3.0.xsd" version="3.0" name="org.flossware.jthreadpool.ManagedThreadPoolEdgeCasesTest" time="1.137" tests="8" errors="0" skipped="0" failures="0">
  <properties>
[...]
</properties>
  <testcase name="testUncaughtException" classname="org.flossware.jthreadpool.ManagedThreadPoolEdgeCasesTest" time="0.486">
    <system-out><![CDATA[17:50:18.448 [main] INFO org.flossware.jthreadpool.ManagedThreadPool -- [exception-test] Created thread pool: core=2, max=4, queue=100
17:50:18.664 [main] INFO org.flossware.jthreadpool.ManagedThreadPool -- [exception-test] Force shutting down thread pool
]]></system-out>
  </testcase>
  <testcase name="testThreadCounter" classname="org.flossware.jthreadpool.ManagedThreadPoolEdgeCasesTest" time="0.106">
    <system-out><![CDATA[17:50:18.768 [main] INFO org.flossware.jthreadpool.ManagedThreadPool -- [counter-test] Created thread pool: core=3, max=3, queue=100
17:50:18.772 [main] INFO org.flossware.jthreadpool.ManagedThreadPool -- [counter-test] Force shutting down thread pool
]]></system-out>
  </testcase>
  <testcase name="testNonDaemonThreads" classname="org.flossware.jthreadpool.ManagedThreadPoolEdgeCasesTest" time="0.106">
    <system-out><![CDATA[17:50:18.876 [main] INFO org.flossware.jthreadpool.ManagedThreadPool -- [daemon-test] Created thread pool: core=1, max=1, queue=100
17:50:18.880 [main] INFO org.flossware.jthreadpool.ManagedThreadPool -- [daemon-test] Force shutting down thread pool
]]></system-out>
  </testcase>
  <testcase name="testCloseMethod" classname="org.flossware.jthreadpool.ManagedThreadPoolEdgeCasesTest" time="0.005">
    <system-out><![CDATA[17:50:18.984 [main] INFO org.flossware.jthreadpool.ManagedThreadPool -- [close-test] Created thread pool: core=1, max=1, queue=100
17:50:18.985 [main] INFO org.flossware.jthreadpool.ManagedThreadPool -- [close-test] Shutting down thread pool
]]></system-out>
  </testcase>
  <testcase name="testStatsWithQueuedTasks" classname="org.flossware.jthreadpool.ManagedThreadPoolEdgeCasesTest" time="0.205">
    <system-out><![CDATA[17:50:18.989 [main] INFO org.flossware.jthreadpool.ManagedThreadPool -- [queue-test] Created thread pool: core=1, max=1, queue=10
17:50:19.092 [main] INFO org.flossware.jthreadpool.ManagedThreadPool -- [queue-test] Force shutting down thread pool
]]></system-out>
  </testcase>
  <testcase name="testShutdownInterrupted" classname="org.flossware.jthreadpool.ManagedThreadPoolEdgeCasesTest" time="0.006">
    <system-out><![CDATA[17:50:19.196 [main] INFO org.flossware.jthreadpool.ManagedThreadPool -- [interrupt-test] Created thread pool: core=1, max=1, queue=100
17:50:19.200 [main] INFO org.flossware.jthreadpool.ManagedThreadPool -- [interrupt-test] Shutting down thread pool
17:50:19.200 [main] WARN org.flossware.jthreadpool.ManagedThreadPool -- [interrupt-test] Interrupted while waiting for thread pool shutdown
]]></system-out>
  </testcase>
  <testcase name="testStatsWithCompletedTasks" classname="org.flossware.jthreadpool.ManagedThreadPoolEdgeCasesTest" time="0.205">
    <system-out><![CDATA[17:50:19.203 [main] INFO org.flossware.jthreadpool.ManagedThreadPool -- [completed-test] Created thread pool: core=2, max=2, queue=100
17:50:19.306 [main] INFO org.flossware.jthreadpool.ManagedThreadPool -- [completed-test] Force shutting down thread pool
]]></system-out>
  </testcase>
  <testcase name="testShutdownTimeout" classname="org.flossware.jthreadpool.ManagedThreadPoolEdgeCasesTest" time="0.007">
    <system-out><![CDATA[17:50:19.410 [main] INFO org.flossware.jthreadpool.ManagedThreadPool -- [timeout-test] Created thread pool: core=1, max=1, queue=100
17:50:19.413 [main] INFO org.flossware.jthreadpool.ManagedThreadPool -- [timeout-test] Shutting down thread pool
17:50:19.414 [main] WARN org.flossware.jthreadpool.ManagedThreadPool -- [timeout-test] Thread pool did not terminate in 30 seconds, forcing shutdown
]]></system-out>
  </testcase>
</testsuite>