<?xml version="1.0" encoding="UTF-8"?>
<testsuite xmlns:xsi="http://www.w3.org/2001/XMLSchema-instance" xsi:noNamespaceSchemaLocation="https://maven.apache.org/surefire/maven-surefire-plugin/xsd/surefire-test-report-3.0.xsd" version="3.0" name="org.flossware.jthreadpool.ThreadPoolConfigTest" time="0.274" tests="15" errors="0" skipped="0" failures="0">
  <properties>
[...]
</properties>
  <testcase name="testLargeValues" classname="org.flossware.jthreadpool.ThreadPoolConfigTest" time="0.129"/>
  <testcase name="testNegativeQueueCapacity" classname="org.flossware.jthreadpool.ThreadPoolConfigTest" time="0.017"/>
  <testcase name="testDefaultConfig" classname="org.flossware.jthreadpool.ThreadPoolConfigTest" time="0.002"/>
  <testcase name="testBuilderChaining" classname="org.flossware.jthreadpool.ThreadPoolConfigTest" time="0.004"/>
  <testcase name="testZeroCorePoolSize" classname="org.flossware.jthreadpool.ThreadPoolConfigTest" time="0.005"/>
  <testcase name="testZeroQueueCapacity" classname="org.flossware.jthreadpool.ThreadPoolConfigTest" time="0.002"/>
  <testcase name="testNegativeMaxPoolSize" classname="org.flossware.jthreadpool.ThreadPoolConfigTest" time="0.003"/>
  <testcase name="testNegativeKeepAliveTime" classname="org.flossware.jthreadpool.ThreadPoolConfigTest" time="0.006"/>
  <testcase name="testMaxLessThanCore" classname="org.flossware.jthreadpool.ThreadPoolConfigTest" time="0.008"/>
  <testcase name="testCustomConfig" classname="org.flossware.jthreadpool.ThreadPoolConfigTest" time="0.003"/>
  <testcase name="testNegativeCorePoolSize" classname="org.flossware.jthreadpool.ThreadPoolConfigTest" time="0.003"/>
  <testcase name="testCoreEqualsMax" classname="org.flossware.jthreadpool.ThreadPoolConfigTest" time="0.002"/>
  <testcase name="testZeroKeepAliveTime" classname="org.flossware.jthreadpool.ThreadPoolConfigTest" time="0.002"/>
  <testcase name="testZeroMaxPoolSize" classname="org.flossware.jthreadpool.ThreadPoolConfigTest" time="0.003"/>
  <testcase name="testPartialConfiguration" classname="org.flossware.jthreadpool.ThreadPoolConfigTest" time="0.002"/>
</testsuite>